<?xml version="1.0" encoding="UTF-8"?>
<testsuite name="WhiteBoxGiven" tests="7" skipped="0" failures="0" errors="0" timestamp="2023-04-04T04:23:04" hostname="DESKTOP-6DJAQ8I" time="0.009">
  <properties/>
  <testcase name="removeOpponent" classname="WhiteBoxGiven" time="0.007"/>
  <testcase name="equalDP" classname="WhiteBoxGiven" time="0.0"/>
  <testcase name="addOpponent" classname="WhiteBoxGiven" time="0.0"/>
  <testcase name="playEdgeCase1" classname="WhiteBoxGiven" time="0.001"/>
  <testcase name="playEdgeCase2" classname="WhiteBoxGiven" time="0.0"/>
  <testcase name="playDoubleDamage" classname="WhiteBoxGiven" time="0.0"/>
  <testcase name="playAllNodes" classname="WhiteBoxGiven" time="0.0"/>
  <system-out><![CDATA[]]></system-out>
  <system-err><![CDATA[]]></system-err>
</testsuite>
