<?xml version="1.0" encoding="UTF-8"?>
<testsuite name="WhiteBoxGiven" tests="7" skipped="0" failures="0" errors="0" timestamp="2023-04-07T05:55:41" hostname="DESKTOP-6DJAQ8I" time="0.015">
  <properties/>
  <testcase name="removeOpponent" classname="WhiteBoxGiven" time="0.001"/>
  <testcase name="equalDp" classname="WhiteBoxGiven" time="0.0"/>
  <testcase name="addOpponent" classname="WhiteBoxGiven" time="0.0"/>
  <testcase name="playEdgeCase1" classname="WhiteBoxGiven" time="0.011"/>
  <testcase name="playEdgeCase2" classname="WhiteBoxGiven" time="0.001"/>
  <testcase name="playDoubleDamage" classname="WhiteBoxGiven" time="0.0"/>
  <testcase name="playAllNodes" classname="WhiteBoxGiven" time="0.001"/>
  <system-out><![CDATA[Bard removed

Bard removed

Wizard removed

]]></system-out>
  <system-err><![CDATA[]]></system-err>
</testsuite>
