<?xml version="1.0" encoding="UTF-8"?>
<testsuite name="WhiteBoxGiven" tests="1" skipped="0" failures="0" errors="0" timestamp="2023-04-04T00:42:48" hostname="DESKTOP-6DJAQ8I" time="0.001">
  <properties/>
  <testcase name="equalDP" classname="WhiteBoxGiven" time="0.001"/>
  <system-out><![CDATA[]]></system-out>
  <system-err><![CDATA[]]></system-err>
</testsuite>
